2025-12-17 22:03:21,793 - INFO - Fetching HTTP: bitbo_us_etf_flows_table
2025-12-17 22:03:21,824 - INFO - Fetching HTTP: btcetffundflow_holdings_derived
2025-12-17 22:03:23,484 - INFO - Fetching Browser: coinglass_spot_inflow_outflow_xhr
2025-12-17 22:03:23,520 - INFO - Fetching Browser: coingecko_btc_market_snapshot
2025-12-17 22:03:23,588 - INFO - Fetching Browser: coinglass_funding_heatmap_screenshot_only
2025-12-17 22:03:23,598 - INFO - Fetching Browser: coinglass_spot_inflow_outflow_screenshot_only
2025-12-17 22:03:23,884 - INFO - Fetching Browser: twelvedata_btcusd_hist_html
2025-12-17 22:03:47,057 - INFO - Clicked 24h for coinglass_spot_inflow_outflow_xhr
2025-12-17 22:03:47,062 - INFO - Clicked 24h for coinglass_spot_inflow_outflow_screenshot_only
2025-12-17 22:03:49,179 - INFO - Fetching Browser: coinglass_liquidation_heatmap_screenshot_only
2025-12-17 22:03:50,480 - INFO - Fetching Browser: coinalyze_btc_open_interest
2025-12-17 22:04:16,280 - INFO - Fetching Browser: coinalyze_btc_funding
2025-12-17 22:04:24,768 - ERROR - Browser failed for coingecko_btc_market_snapshot: Page.goto: Timeout 60000ms exceeded.
Call log:
  - navigating to "https://www.coingecko.com/en/coins/bitcoin", waiting until "networkidle"

2025-12-17 22:04:58,760 - ERROR - Browser failed for coinalyze_btc_open_interest: Page.goto: Timeout 60000ms exceeded.
Call log:
  - navigating to "https://coinalyze.net/bitcoin/open-interest/", waiting until "networkidle"

2025-12-17 22:04:58,910 - INFO - Async Pipeline Complete: {'success': 8, 'failure': 2}
2025-12-18 00:10:40,626 - INFO - Fetching HTTP: bitbo_us_etf_flows_table
2025-12-18 00:10:40,680 - INFO - Fetching HTTP: btcetffundflow_holdings_derived
2025-12-18 00:10:47,722 - INFO - Fetching Browser: coinalyze_btc_open_interest
2025-12-18 00:10:47,820 - INFO - Fetching Browser: coinglass_spot_inflow_outflow_screenshot_only
2025-12-18 00:10:47,826 - INFO - Fetching Browser: coinglass_funding_heatmap_screenshot_only
2025-12-18 00:10:47,828 - INFO - Fetching Browser: coingecko_btc_market_snapshot
2025-12-18 00:10:47,832 - INFO - Fetching Browser: twelvedata_btcusd_hist_html
2025-12-18 00:11:03,466 - INFO - Fetching Browser: coinalyze_btc_funding
2025-12-18 00:11:05,901 - INFO - Fetching Browser: coinglass_liquidation_heatmap_screenshot_only
2025-12-18 00:11:08,882 - INFO - Clicked 24h for coinglass_spot_inflow_outflow_screenshot_only
2025-12-18 00:11:13,471 - INFO - Fetching Browser: coinglass_spot_inflow_outflow_xhr
2025-12-18 00:11:49,492 - ERROR - Browser failed for coingecko_btc_market_snapshot: Page.goto: Timeout 60000ms exceeded.
Call log:
  - navigating to "https://www.coingecko.com/en/coins/bitcoin", waiting until "networkidle"

2025-12-18 00:12:03,936 - ERROR - Browser failed for coinalyze_btc_funding: Page.goto: Timeout 60000ms exceeded.
Call log:
  - navigating to "https://coinalyze.net/bitcoin/funding-rate/", waiting until "networkidle"

2025-12-18 00:12:14,667 - ERROR - Browser failed for coinglass_spot_inflow_outflow_xhr: Page.goto: Timeout 60000ms exceeded.
Call log:
  - navigating to "https://www.coinglass.com/spot-inflow-outflow", waiting until "networkidle"

2025-12-18 00:12:14,808 - INFO - Async Pipeline Complete: {'success': 7, 'failure': 3}
2025-12-18 19:14:31,845 - INFO - Fetching HTTP: bitbo_us_etf_flows_table
2025-12-18 19:14:31,898 - INFO - Fetching HTTP: btcetffundflow_holdings_derived
2025-12-18 19:14:43,459 - INFO - Fetching Browser: twelvedata_btcusd_hist_html
2025-12-18 19:14:43,578 - INFO - Fetching Browser: coinalyze_btc_open_interest
2025-12-18 19:14:43,585 - INFO - Fetching Browser: coinglass_spot_inflow_outflow_xhr
2025-12-18 19:14:43,589 - INFO - Fetching Browser: coinglass_spot_inflow_outflow_screenshot_only
2025-12-18 19:14:43,595 - INFO - Fetching Browser: coingecko_btc_market_snapshot
2025-12-18 19:15:07,128 - INFO - Clicked 24h for coinglass_spot_inflow_outflow_screenshot_only
2025-12-18 19:15:08,534 - INFO - Fetching Browser: coinalyze_btc_funding
2025-12-18 19:15:08,783 - INFO - Clicked 24h for coinglass_spot_inflow_outflow_xhr
2025-12-18 19:15:15,423 - INFO - Fetching Browser: coinglass_liquidation_heatmap_screenshot_only
2025-12-18 19:15:15,808 - INFO - Fetching Browser: coinglass_funding_heatmap_screenshot_only
2025-12-18 19:15:46,324 - ERROR - Browser failed for coingecko_btc_market_snapshot: Page.goto: Timeout 60000ms exceeded.
Call log:
  - navigating to "https://www.coingecko.com/en/coins/bitcoin", waiting until "networkidle"

2025-12-18 19:15:46,344 - ERROR - Browser failed for coinalyze_btc_open_interest: Page.goto: Timeout 60000ms exceeded.
Call log:
  - navigating to "https://coinalyze.net/bitcoin/open-interest/", waiting until "networkidle"

2025-12-18 19:16:16,774 - ERROR - Browser failed for coinglass_funding_heatmap_screenshot_only: Page.goto: Timeout 60000ms exceeded.
Call log:
  - navigating to "https://www.coinglass.com/FundingRateHeatMap", waiting until "networkidle"

2025-12-18 19:16:16,928 - INFO - Async Pipeline Complete: {'success': 7, 'failure': 3}
2025-12-20 00:31:22,961 - INFO - Initializing Shared Browser Pool for 8 tasks...
2025-12-20 00:31:37,332 - INFO - Shared Browser launched.
2025-12-20 00:31:37,333 - INFO - Fetching HTTP: bitbo_us_etf_flows_table
2025-12-20 00:31:37,632 - INFO - Fetching HTTP: btcetffundflow_holdings_derived
2025-12-20 00:31:37,647 - INFO - Fetching HTTP: coingecko_api_simple
2025-12-20 00:31:37,659 - INFO - Fetching Browser: twelvedata_btcusd_hist_html
2025-12-20 00:31:37,685 - INFO - Fetching Browser: coinalyze_btc_open_interest
2025-12-20 00:31:38,263 - INFO - Fetching Browser: coinalyze_btc_funding
2025-12-20 00:31:39,703 - INFO - Fetching Browser: coingecko_btc_market_snapshot
2025-12-20 00:31:40,825 - INFO - Fetching Browser: coinglass_spot_inflow_outflow_xhr
2025-12-20 00:31:52,725 - INFO - Fetching Browser: coinglass_spot_inflow_outflow_screenshot_only
2025-12-20 00:31:54,523 - INFO - Fetching Browser: coinglass_funding_heatmap_screenshot_only
2025-12-20 00:31:55,023 - INFO - Fetching Browser: coinglass_liquidation_heatmap_screenshot_only
2025-12-20 00:31:57,451 - INFO - Clicked 24h for coinglass_spot_inflow_outflow_xhr
2025-12-20 00:32:13,209 - INFO - Clicked 24h for coinglass_spot_inflow_outflow_screenshot_only
2025-12-20 00:32:40,239 - ERROR - Browser failed for coingecko_btc_market_snapshot: Page.goto: Timeout 60000ms exceeded.
Call log:
  - navigating to "https://www.coingecko.com/en/coins/bitcoin", waiting until "networkidle"

2025-12-20 00:32:40,266 - INFO - Closing Shared Browser...
2025-12-20 00:32:40,577 - INFO - Async Pipeline Complete: {'success': 10, 'failure': 1, 'skipped': 0}
2025-12-20 01:43:22,582 - INFO - Initializing Shared Browser Pool for 8 tasks...
2025-12-20 01:43:28,211 - INFO - Shared Browser launched.
2025-12-20 01:43:28,212 - INFO - Fetching HTTP: bitbo_us_etf_flows_table
2025-12-20 01:43:28,258 - INFO - Fetching HTTP: btcetffundflow_holdings_derived
2025-12-20 01:43:28,261 - INFO - Fetching HTTP: coingecko_api_simple
2025-12-20 01:43:28,263 - INFO - Fetching Browser: twelvedata_btcusd_hist_html
2025-12-20 01:43:28,289 - INFO - Fetching Browser: coinalyze_btc_open_interest
2025-12-20 01:43:28,449 - INFO - Fetching Browser: coinalyze_btc_funding
2025-12-20 01:43:29,929 - INFO - Fetching Browser: coingecko_btc_market_snapshot
2025-12-20 01:43:31,070 - INFO - Fetching Browser: coinglass_spot_inflow_outflow_xhr
2025-12-20 01:43:39,296 - INFO - Fetching Browser: coinglass_spot_inflow_outflow_screenshot_only
2025-12-20 01:43:40,555 - INFO - Fetching Browser: coinglass_funding_heatmap_screenshot_only
2025-12-20 01:43:40,878 - INFO - Clicked 24h for coinglass_spot_inflow_outflow_xhr
2025-12-20 01:43:43,064 - INFO - Fetching Browser: coinglass_liquidation_heatmap_screenshot_only
2025-12-20 01:44:09,377 - INFO - Clicked 24h for coinglass_spot_inflow_outflow_screenshot_only
2025-12-20 01:44:30,044 - ERROR - Browser failed for coingecko_btc_market_snapshot: Page.goto: Timeout 60000ms exceeded.
Call log:
  - navigating to "https://www.coingecko.com/en/coins/bitcoin", waiting until "networkidle"

2025-12-20 01:44:30,056 - INFO - Closing Shared Browser...
2025-12-20 01:44:30,206 - INFO - Async Pipeline Complete: {'success': 10, 'failure': 1, 'skipped': 0}
2025-12-20 01:47:58,351 - INFO - Initializing Shared Browser Pool for 10 tasks...
2025-12-20 01:47:59,007 - INFO - Shared Browser launched.
2025-12-20 01:47:59,007 - INFO - Fetching HTTP: bitbo_us_etf_flows_table
2025-12-20 01:47:59,043 - INFO - Fetching HTTP: btcetffundflow_holdings_derived
2025-12-20 01:47:59,046 - INFO - Fetching HTTP: coingecko_api_simple
2025-12-20 01:47:59,050 - INFO - Fetching Browser: twelvedata_btcusd_hist_html
2025-12-20 01:47:59,054 - INFO - Fetching Browser: twelvedata_btcusd_1h
2025-12-20 01:47:59,224 - INFO - Fetching Browser: twelvedata_btcusd_15m
2025-12-20 01:48:00,623 - INFO - Fetching Browser: coinalyze_btc_open_interest
2025-12-20 01:48:01,314 - INFO - Fetching Browser: coinalyze_btc_funding
2025-12-20 01:48:09,036 - INFO - Fetching Browser: coingecko_btc_market_snapshot
2025-12-20 01:48:09,042 - INFO - Fetching Browser: coinglass_spot_inflow_outflow_xhr
2025-12-20 01:48:09,539 - INFO - Fetching Browser: coinglass_spot_inflow_outflow_screenshot_only
2025-12-20 01:48:18,455 - INFO - Fetching Browser: coinglass_funding_heatmap_screenshot_only
2025-12-20 01:48:21,292 - INFO - Clicked 24h for coinglass_spot_inflow_outflow_xhr
2025-12-20 01:48:24,798 - INFO - Fetching Browser: coinglass_liquidation_heatmap_screenshot_only
2025-12-20 01:49:09,187 - ERROR - Browser failed for coingecko_btc_market_snapshot: Page.goto: Timeout 60000ms exceeded.
Call log:
  - navigating to "https://www.coingecko.com/en/coins/bitcoin", waiting until "networkidle"

2025-12-20 01:49:09,653 - ERROR - Browser failed for coinglass_spot_inflow_outflow_screenshot_only: Page.goto: Timeout 60000ms exceeded.
Call log:
  - navigating to "https://www.coinglass.com/spot-inflow-outflow", waiting until "networkidle"

2025-12-20 01:49:09,680 - INFO - Closing Shared Browser...
2025-12-20 01:49:09,810 - INFO - Async Pipeline Complete: {'success': 11, 'failure': 2, 'skipped': 0}
2025-12-20 01:55:34,021 - INFO - Initializing Shared Browser Pool for 10 tasks...
2025-12-20 01:55:35,595 - INFO - Shared Browser launched.
2025-12-20 01:55:35,600 - INFO - Fetching HTTP: bitbo_us_etf_flows_table
2025-12-20 01:55:35,662 - INFO - Fetching HTTP: btcetffundflow_holdings_derived
2025-12-20 01:55:35,668 - INFO - Fetching HTTP: coingecko_api_simple
2025-12-20 01:55:35,671 - INFO - Fetching Browser: twelvedata_btcusd_hist_html
2025-12-20 01:55:35,678 - INFO - Fetching Browser: twelvedata_btcusd_1h
2025-12-20 01:55:35,849 - INFO - Fetching Browser: twelvedata_btcusd_15m
2025-12-20 01:55:37,383 - INFO - Fetching Browser: coinalyze_btc_open_interest
2025-12-20 01:55:38,140 - INFO - Fetching Browser: coinalyze_btc_funding
2025-12-20 01:55:46,696 - INFO - Fetching Browser: coingecko_btc_market_snapshot
2025-12-20 01:55:46,699 - INFO - Fetching Browser: coinglass_spot_inflow_outflow_xhr
2025-12-20 01:55:46,847 - INFO - Fetching Browser: coinglass_spot_inflow_outflow_screenshot_only
2025-12-20 01:55:56,332 - INFO - Clicked 24h for coinglass_spot_inflow_outflow_xhr
2025-12-20 01:55:56,695 - INFO - Fetching Browser: coinglass_funding_heatmap_screenshot_only
2025-12-20 01:55:57,677 - INFO - Fetching Browser: coinglass_liquidation_heatmap_screenshot_only
2025-12-20 01:56:00,706 - INFO - Clicked 24h for coinglass_spot_inflow_outflow_screenshot_only
2025-12-20 01:56:46,848 - ERROR - Browser failed for coingecko_btc_market_snapshot: Page.goto: Timeout 60000ms exceeded.
Call log:
  - navigating to "https://www.coingecko.com/en/coins/bitcoin", waiting until "networkidle"

2025-12-20 01:56:46,863 - INFO - Closing Shared Browser...
2025-12-20 01:56:47,062 - INFO - Async Pipeline Complete: {'success': 12, 'failure': 1, 'skipped': 0}
